<?xml version="1.0" encoding="UTF-8"?>
<!-- Generated by org.testng.reporters.JUnitXMLReporter -->
<testsuite ignored="1" hostname="Aamirsz" failures="0" tests="3" name="FrameworkBuilding" time="54.559" errors="0" timestamp="2023-11-01T16:47:13 IST">
  <testcase classname="SeleniumFramework.Tests.FrameworkBuilding" name="orderSubmit" time="4.872">
    <skipped/>
  </testcase> <!-- orderSubmit -->
  <testcase classname="SeleniumFramework.Tests.FrameworkBuilding" name="orderSubmit" time="5.651"/>
  <testcase classname="SeleniumFramework.Tests.FrameworkBuilding" name="orderSubmit" time="17.149"/>
  <testcase classname="SeleniumFramework.Tests.FrameworkBuilding" name="orderHistory" time="0.0">
    <ignored/>
  </testcase> <!-- orderHistory -->
</testsuite> <!-- FrameworkBuilding -->
