<?xml version="1.0" encoding="UTF-8"?>
<!-- Generated by org.testng.reporters.JUnitXMLReporter -->
<testsuite ignored="0" hostname="Aamirsz" failures="1" tests="1" name="ErrorValidation" time="9.706" errors="0" timestamp="2023-11-02T00:04:18 IST">
  <testcase classname="SeleniumFramework.Tests.ErrorValidation" name="LoginErrorValidation" time="1.544">
    <failure type="java.lang.AssertionError" message="expected [Incorrect email or password.] but found [Incorrect email password.]">
      <![CDATA[java.lang.AssertionError: expected [Incorrect email or password.] but found [Incorrect email password.]
at SeleniumFramework.Tests.ErrorValidation.LoginErrorValidation(ErrorValidation.java:14)
at java.base/java.util.ArrayList.forEach(ArrayList.java:1511)
... Removed 35 stack frames]]>
    </failure>
  </testcase> <!-- LoginErrorValidation -->
</testsuite> <!-- ErrorValidation -->
