<?xml version="1.0" encoding="UTF-8"?>
<!-- Generated by org.testng.reporters.JUnitXMLReporter -->
<testsuite ignored="0" hostname="Aamirsz" failures="0" tests="3" name="FrameworkBuilding" time="51.491" errors="0" timestamp="2023-11-02T00:04:08 IST">
  <testcase classname="SeleniumFramework.Tests.FrameworkBuilding" name="orderSubmit" time="17.098"/>
  <testcase classname="SeleniumFramework.Tests.FrameworkBuilding" name="orderSubmit" time="4.313"/>
  <testcase classname="SeleniumFramework.Tests.FrameworkBuilding" name="orderHistory" time="1.481"/>
</testsuite> <!-- FrameworkBuilding -->
